Log file open, 10/25/17 19:05:16
LogInit:Display: Running engine for game: StarterProject
LogPlatformFile: Not using cached read wrapper
LogInit:Display: RandInit(-1861827067) SRandInit(-1861827067).
LogTaskGraph: Started task graph with 5 named threads and 6 total threads with 1 sets of task threads.
LogStats: Stats thread started at 0.165331
LogInit: Using libcurl 7.47.1
LogInit:  - built for x86_64-pc-win32
LogInit:  - supports SSL with OpenSSL/1.0.2g
LogInit:  - supports HTTP deflate (compression) using libz 1.2.8
LogInit:  - other features:
LogInit:      CURL_VERSION_SSL
LogInit:      CURL_VERSION_LIBZ
LogInit:      CURL_VERSION_IPV6
LogInit:      CURL_VERSION_ASYNCHDNS
LogInit:      CURL_VERSION_LARGEFILE
LogInit:      CURL_VERSION_IDN
LogInit:  CurlRequestOptions (configurable via config and command line):
LogInit:  - bVerifyPeer = false  - Libcurl will NOT verify peer certificate
LogInit:  - bUseHttpProxy = false  - Libcurl will NOT use HTTP proxy
LogInit:  - bDontReuseConnections = false  - Libcurl will reuse connections
LogInit:  - CertBundlePath = nullptr  - Libcurl will use whatever was configured at build time.
LogInit: Build: ++UE4+Release-4.16-CL-3466753
LogInit: Engine Version: 4.16.1-3466753+++UE4+Release-4.16
LogInit: Compatible Engine Version: 4.16.0-3452394+++UE4+Release-4.16
LogInit: Net CL: 3452394
LogDevObjectVersion: Number of dev versions registered: 16
LogDevObjectVersion:   Dev-Blueprints (B0D832E4-1F89-4F0D-ACCF-7EB736FD4AA2): 9
LogDevObjectVersion:   Dev-Build (E1C64328-A22C-4D53-A36C-8E866417BD8C): 0
LogDevObjectVersion:   Dev-Core (375EC13C-06E4-48FB-B500-84F0262A717E): 2
LogDevObjectVersion:   Dev-Editor (E4B068ED-F494-42E9-A231-DA0B2E46BB41): 17
LogDevObjectVersion:   Dev-Framework (CFFC743F-43B0-4480-9391-14DF171D2073): 23
LogDevObjectVersion:   Dev-Mobile (B02B49B5-BB20-44E9-A304-32B752E40360): 0
LogDevObjectVersion:   Dev-Networking (A4E4105C-59A1-49B5-A7C5-40C4547EDFEE): 0
LogDevObjectVersion:   Dev-Online (39C831C9-5AE6-47DC-9A44-9C173E1C8E7C): 0
LogDevObjectVersion:   Dev-Physics (78F01B33-EBEA-4F98-B9B4-84EACCB95AA2): 0
LogDevObjectVersion:   Dev-Platform (6631380F-2D4D-43E0-8009-CF276956A95A): 0
LogDevObjectVersion:   Dev-Rendering (12F88B9F-8875-4AFC-A67C-D90C383ABD29): 15
LogDevObjectVersion:   Dev-Sequencer (7B5AE74C-D270-4C10-A958-57980B212A5A): 4
LogDevObjectVersion:   Dev-VR (D7296918-1DD6-4BDD-9DE2-64A83CC13884): 0
LogDevObjectVersion:   Dev-LoadTimes (C2A15278-BFE7-4AFE-6C17-90FF531DF755): 1
LogDevObjectVersion:   Private-Geometry (6EACA3D4-40EC-4CC1-B786-8BED09428FC5): 1
LogDevObjectVersion:   Dev-AnimPhys (29E575DD-E0A3-4627-9D10-D276232CDCEA): 3
LogInit: Compiled (64-bit): May 31 2017 02:03:30
LogInit: Compiled with Visual C++: 19.00.24215.01
LogInit: Build Configuration: Development
LogInit: Branch Name: ++UE4+Release-4.16
LogInit: Command line: 
LogInit: Base directory: C:/Unreal Engine 4/UE_4.16/Engine/Binaries/Win64/
LogInit: Installed Engine Build: 1
LogInit: Presizing for max 8388607 objects, including 0 objects not considered by GC, pre-allocating 0 bytes for permanent pool.
LogInit: Object subsystem initialized
[2017.10.25-12.05.17:747][  0]LogInit: Selected Device Profile: [Windows]
[2017.10.25-12.05.17:747][  0]LogInit: Applying CVar settings loaded from the selected device profile: [Windows]
[2017.10.25-12.05.17:777][  0]LogInit: Computer: CSLAB-2601-27-2
[2017.10.25-12.05.17:777][  0]LogInit: User: muthyafifah
[2017.10.25-12.05.17:777][  0]LogInit: CPU Page size=4096, Cores=2
[2017.10.25-12.05.17:777][  0]LogInit: High frequency timer resolution =3.604970 MHz
[2017.10.25-12.05.17:787][  0]LogMemory: Memory total: Physical=11.9GB (12GB approx)
[2017.10.25-12.05.17:787][  0]LogMemory: Platform Memory Stats for Windows
[2017.10.25-12.05.17:787][  0]LogMemory: Process Physical Memory: 272.30 MB used, 272.30 MB peak
[2017.10.25-12.05.17:787][  0]LogMemory: Process Virtual Memory: 260.54 MB used, 260.54 MB peak
[2017.10.25-12.05.17:787][  0]LogMemory: Physical Memory: 2850.50 MB used,  9311.21 MB free, 12161.71 MB total
[2017.10.25-12.05.17:787][  0]LogMemory: Virtual Memory: 618.74 MB used,  9311.21 MB free, 8388608.00 MB total
[2017.10.25-12.05.18:038][  0]LogInit: Using OS detected language (en-US).
[2017.10.25-12.05.18:038][  0]LogInit: Using OS detected locale (en-US).
[2017.10.25-12.05.18:043][  0]LogTextLocalizationManager: No specific localization for 'en-US' exists, so the 'en' localization will be used.
[2017.10.25-12.05.19:710][  0]LogD3D11RHI: D3D11 adapters:
[2017.10.25-12.05.19:734][  0]LogD3D11RHI:    0. 'NVIDIA GeForce GTX 750 Ti' (Feature Level 11_0)
[2017.10.25-12.05.19:734][  0]LogD3D11RHI:       1992/0/5824 MB DedicatedVideo/DedicatedSystem/SharedSystem, Outputs:1, VendorId:0x10de
[2017.10.25-12.05.19:743][  0]LogD3D11RHI:    1. 'Intel(R) HD Graphics 4400' (Feature Level 11_0)
[2017.10.25-12.05.19:743][  0]LogD3D11RHI:       192/0/1632 MB DedicatedVideo/DedicatedSystem/SharedSystem, Outputs:0, VendorId:0x8086
[2017.10.25-12.05.19:743][  0]LogD3D11RHI: Chosen D3D11 Adapter: 0
[2017.10.25-12.05.19:752][  0]LogD3D11RHI: Creating new Direct3DDevice
[2017.10.25-12.05.19:752][  0]LogD3D11RHI:     GPU DeviceId: 0x1380 (for the marketing name, search the web for "GPU Device Id")
[2017.10.25-12.05.19:752][  0]LogWindows: EnumDisplayDevices:
[2017.10.25-12.05.19:753][  0]LogWindows:    0. 'NVIDIA GeForce GTX 750 Ti' (P:1 D:1)
[2017.10.25-12.05.19:753][  0]LogWindows:    1. 'NVIDIA GeForce GTX 750 Ti' (P:0 D:0)
[2017.10.25-12.05.19:753][  0]LogWindows:    2. 'NVIDIA GeForce GTX 750 Ti' (P:0 D:0)
[2017.10.25-12.05.19:753][  0]LogWindows:    3. 'NVIDIA GeForce GTX 750 Ti' (P:0 D:0)
[2017.10.25-12.05.19:753][  0]LogWindows:    4. 'Intel(R) HD Graphics 4400' (P:0 D:0)
[2017.10.25-12.05.19:754][  0]LogWindows:    5. 'Intel(R) HD Graphics 4400' (P:0 D:0)
[2017.10.25-12.05.19:754][  0]LogWindows:    6. 'Intel(R) HD Graphics 4400' (P:0 D:0)
[2017.10.25-12.05.19:754][  0]LogWindows:    7. 'RDPDD Chained DD' (P:0 D:0)
[2017.10.25-12.05.19:754][  0]LogWindows:    8. 'RDP Encoder Mirror Driver' (P:0 D:0)
[2017.10.25-12.05.19:754][  0]LogWindows:    9. 'RDP Reflector Display Driver' (P:0 D:0)
[2017.10.25-12.05.19:755][  0]LogWindows:    10. 'PCI GDIHOOK5' (P:0 D:0)
[2017.10.25-12.05.19:755][  0]LogWindows: DebugString: PrimaryIsNotTheChoosenAdapter PrimaryIsNotTheChoosenAdapter PrimaryIsNotTheChoosenAdapter GetVideoDriverDetailsInvalid PrimaryIsNotTheChoosenAdapter GetVideoDriverDetailsInvalid PrimaryIsNotTheChoosenAdapter GetVideoDriverDetailsInvalid PrimaryIsNotTheChoosenAdapter GetVideoDriverDetailsInvalid PrimaryIsNotTheChoosenAdapter FoundDriverCount:4 
[2017.10.25-12.05.19:755][  0]LogD3D11RHI:     Adapter Name: NVIDIA GeForce GTX 750 Ti
[2017.10.25-12.05.19:755][  0]LogD3D11RHI:   Driver Version: 376.53 (internal:21.21.13.7653, unified:376.53)
[2017.10.25-12.05.19:755][  0]LogD3D11RHI:      Driver Date: 12-29-2016
[2017.10.25-12.05.19:755][  0]LogRHI: Texture pool is 1361 MB (70% of 1945 MB)
[2017.10.25-12.05.19:768][  0]LogD3D11RHI: Async texture creation enabled
[2017.10.25-12.05.19:787][  0]LogD3D11RHI: GPU Timing Frequency: 1000.000000 (Debug: 2 2)
[2017.10.25-12.05.19:835][  0]LogShaderCompilers: Guid format shader working directory is -14 characters bigger than the processId version (../../../../../Users/muthy.afifah/Downloads/StarterProject 4.16 - 3/Intermediate/Shaders/WorkingDirectory/5100/).
[2017.10.25-12.05.19:835][  0]LogShaderCompilers: Cleaned the shader compiler working directory 'C:/Users/muthy.afifah/AppData/Local/Temp/UnrealShaderWorkingDir/D0A7C5BC48271D1C533FB78F065196CC/'.
[2017.10.25-12.05.19:835][  0]LogShaderCompilers:Display: Using Local Shader Compiler.
[2017.10.25-12.05.21:423][  0]LogTemp:Display: Loaded TP AllDesktopTargetPlatform
[2017.10.25-12.05.21:475][  0]LogTemp:Display: Loaded TP MacClientTargetPlatform
[2017.10.25-12.05.21:527][  0]LogTemp:Display: Loaded TP MacNoEditorTargetPlatform
[2017.10.25-12.05.21:684][  0]LogTemp:Display: Loaded TP MacServerTargetPlatform
[2017.10.25-12.05.21:859][  0]LogTemp:Display: Loaded TP MacTargetPlatform
[2017.10.25-12.05.22:024][  0]LogTemp:Display: Loaded TP WindowsClientTargetPlatform
[2017.10.25-12.05.22:192][  0]LogTemp:Display: Loaded TP WindowsNoEditorTargetPlatform
[2017.10.25-12.05.22:357][  0]LogTemp:Display: Loaded TP WindowsServerTargetPlatform
[2017.10.25-12.05.22:496][  0]LogTemp:Display: Loaded TP WindowsTargetPlatform
[2017.10.25-12.05.22:664][  0]LogTemp:Display: Loaded TP AndroidTargetPlatform
[2017.10.25-12.05.22:809][  0]LogTemp:Display: Loaded TP Android_ASTCTargetPlatform
[2017.10.25-12.05.22:938][  0]LogTemp:Display: Loaded TP Android_ATCTargetPlatform
[2017.10.25-12.05.23:068][  0]LogTemp:Display: Loaded TP Android_DXTTargetPlatform
[2017.10.25-12.05.23:196][  0]LogTemp:Display: Loaded TP Android_ETC1TargetPlatform
[2017.10.25-12.05.23:328][  0]LogTemp:Display: Loaded TP Android_ETC2TargetPlatform
[2017.10.25-12.05.23:675][  0]LogTemp:Display: Loaded TP Android_MultiTargetPlatform
[2017.10.25-12.05.23:675][  0]LogTemp:Display: Loaded TP Android_PVRTCTargetPlatform
[2017.10.25-12.05.23:808][  0]LogTemp:Display: Loaded TP HTML5TargetPlatform
[2017.10.25-12.05.24:107][  0]LogTemp:Display: Loaded TP IOSTargetPlatform
[2017.10.25-12.05.24:208][  0]LogTemp:Display: Loaded TP TVOSTargetPlatform
[2017.10.25-12.05.24:363][  0]LogTemp:Display: Loaded TP LinuxClientTargetPlatform
[2017.10.25-12.05.24:509][  0]LogTemp:Display: Loaded TP LinuxNoEditorTargetPlatform
[2017.10.25-12.05.24:640][  0]LogTemp:Display: Loaded TP LinuxServerTargetPlatform
[2017.10.25-12.05.24:779][  0]LogTemp:Display: Loaded TP LinuxTargetPlatform
[2017.10.25-12.05.24:779][  0]LogTargetPlatformManager:Display: Building Assets For Windows
[2017.10.25-12.05.26:254][  0]LogDerivedDataCache:Display: Max Cache Size: 512 MB
[2017.10.25-12.05.26:491][  0]LogDerivedDataCache: Loaded boot cache 0.24s 90MB C:/Users/muthy.afifah/AppData/Local/UnrealEngine/4.16/DerivedDataCache/Boot.ddc.
[2017.10.25-12.05.26:491][  0]LogDerivedDataCache:Display: Loaded Boot cache: C:/Users/muthy.afifah/AppData/Local/UnrealEngine/4.16/DerivedDataCache/Boot.ddc
[2017.10.25-12.05.26:492][  0]LogDerivedDataCache: FDerivedDataBackendGraph:  Pak pak cache file ../../../../../Users/muthy.afifah/Downloads/StarterProject 4.16 - 3/DerivedDataCache/DDC.ddp not found, will not use a pak cache.
[2017.10.25-12.05.26:492][  0]LogDerivedDataCache: Unable to find inner node Pak for hierarchical cache Hierarchy.
[2017.10.25-12.05.26:492][  0]LogDerivedDataCache: FDerivedDataBackendGraph:  CompressedPak pak cache file ../../../../../Users/muthy.afifah/Downloads/StarterProject 4.16 - 3/DerivedDataCache/Compressed.ddp not found, will not use a pak cache.
[2017.10.25-12.05.26:492][  0]LogDerivedDataCache: Unable to find inner node CompressedPak for hierarchical cache Hierarchy.
[2017.10.25-12.05.26:571][  0]LogDerivedDataCache:Display: Pak cache opened for reading ../../../Engine/DerivedDataCache/Compressed.ddp.
[2017.10.25-12.05.26:583][  0]LogDerivedDataCache: Using Local data cache path C:/Users/muthy.afifah/AppData/Local/UnrealEngine/Common/DerivedDataCache: Writable
[2017.10.25-12.05.26:609][  0]LogMaterial: Verifying Global Shaders for PCD3D_SM5
[2017.10.25-12.05.26:609][  0]LogSlate: Using Freetype 2.6.0
[2017.10.25-12.05.26:610][  0]LogSlate: SlateFontCache - WITH_FREETYPE: 1, WITH_HARFBUZZ: 1
[2017.10.25-12.05.26:610][  0]LogSlate: SlateFontCache - WITH_FREETYPE: 1, WITH_HARFBUZZ: 1
[2017.10.25-12.05.27:502][  0]LogInit: Selected Device Profile: [Windows]
[2017.10.25-12.05.27:511][  0]LogContentStreaming: Texture pool size is 0.00 MB
[2017.10.25-12.05.28:016][  0]LogMeshUtilities: Using QuadricMeshReduction for automatic static mesh reduction
[2017.10.25-12.05.28:085][  0]LogSimplygon: Simplygon DLL not present - disabling.
[2017.10.25-12.05.28:165][  0]LogMeshUtilities: Using SimplygonSwarm for distributed automatic mesh merging
[2017.10.25-12.05.28:165][  0]LogMeshUtilities: No automatic skeletal mesh reduction module available
[2017.10.25-12.05.28:165][  0]LogMeshUtilities: No automatic mesh merging module available
[2017.10.25-12.05.29:090][  0]LogNetVersion: StarterProject , NetCL: 3452394, EngineNetVer: 2, GameNetVer: 0 (Checksum: 2564044933)
[2017.10.25-12.05.29:174][  0]LogAssetRegistry: FAssetRegistry took 0.0278 seconds to start up
[2017.10.25-12.05.29:254][  0]LogPackageLocalizationCache: Processed 4 localized package path(s) for 2 prioritized culture(s) in 0.051403 seconds
[2017.10.25-12.05.29:264][  0]LogUObjectArray: 34194 objects as part of root set at end of initial load.
[2017.10.25-12.05.29:264][  0]LogUObjectAllocator: 7260424 out of 0 bytes used by permanent object pool.
[2017.10.25-12.05.29:264][  0]LogUObjectArray: CloseDisregardForGC: 0/0 objects in disregard for GC pool
[2017.10.25-12.05.29:352][  0]LogInit: WinSock: version 1.1 (2.2), MaxSocks=32767, MaxUdp=65467
[2017.10.25-12.05.35:574][  0]LogTcpMessaging: Initializing TcpMessaging bridge
[2017.10.25-12.05.35:640][  0]LogUdpMessaging: Initializing bridge on interface 0.0.0.0:0 to multicast group 230.0.0.1:6666.
[2017.10.25-12.05.36:682][  0]LogMaterial: Uniform references updated for custom material expression Custom.
[2017.10.25-12.05.37:551][  0]SourceControl: Info Source control is disabled
[2017.10.25-12.05.37:595][  0]SourceControl: Info Source control is disabled
[2017.10.25-12.05.37:667][  0]SourceControl: Info Source control is disabled
[2017.10.25-12.05.37:738][  0]SourceControl: Info Source control is disabled
[2017.10.25-12.05.38:752][  0]LogAndroidPermission: UAndroidPermissionCallbackProxy::GetInstance
[2017.10.25-12.05.40:542][  0]LogEngine: Initializing Engine...
[2017.10.25-12.05.40:543][  0]LogHMD: Failed to initialize OpenVR with code 110
[2017.10.25-12.05.41:313][  0]LogStats: UGameplayTagsManager::ConstructGameplayTagTree: Construct from data asset -  0.000 s
[2017.10.25-12.05.41:313][  0]LogStats: UGameplayTagsManager::ConstructGameplayTagTree: GameplayTagTreeChangedEvent.Broadcast -  0.000 s
[2017.10.25-12.05.41:654][  0]LogAIModule: Creating AISystem for world Untitled
[2017.10.25-12.05.41:698][  0]LogInit: XAudio2 using 'ASUS VS197-8 (NVIDIA High Definition Audio)' : 2 channels at 48 kHz using 16 bits per sample (channel mask 0x3)
[2017.10.25-12.05.41:788][  0]LogInit: FAudioDevice initialized.
[2017.10.25-12.05.41:917][  0]LogDerivedDataCache: Saved boot cache 0.13s 90MB C:/Users/muthy.afifah/AppData/Local/UnrealEngine/4.16/DerivedDataCache/Boot.ddc.
[2017.10.25-12.05.41:971][  0]LogInit: Texture streaming: Enabled
[2017.10.25-12.05.42:333][  0]LogEngineSessionManager: EngineSessionManager initialized
[2017.10.25-12.05.43:096][  0]LogInit: Transaction tracking system initialized
[2017.10.25-12.05.44:104][  0]BlueprintLog: New page: Editor Load
[2017.10.25-12.05.46:326][  0]LocalizationService: Info Localization service is disabled
[2017.10.25-12.05.48:260][  0]LogConsoleResponse:Display: 
[2017.10.25-12.05.48:803][  0]LogCook:Display: Max memory allowance for cook 16384mb min free memory 0mb
[2017.10.25-12.05.48:803][  0]LogCook:Display: Mobile HDR setting 1
[2017.10.25-12.05.49:415][  0]LogFileCache: Scanning file cache for directory 'C:/Users/muthy.afifah/Downloads/StarterProject 4.16 - 3/Content/' took 0.01s
[2017.10.25-12.05.51:474][  0]SourceControl: Info Source control is disabled
[2017.10.25-12.05.51:475][  0]Cmd: MAP LOAD FILE="../../../../../Users/muthy.afifah/Downloads/StarterProject 4.16 - 3/Content/StarterContent/Maps/Minimal_Default.umap" TEMPLATE=0 SHOWPROGRESS=1 FEATURELEVEL=3
[2017.10.25-12.05.51:476][  0]LightingResults: New page: Lighting Build
[2017.10.25-12.05.51:580][  0]MapCheck: New page: Map Check
[2017.10.25-12.05.51:580][  0]LightingResults: New page: Lighting Build
[2017.10.25-12.05.52:666][  0]LogAIModule: Creating AISystem for world Minimal_Default
[2017.10.25-12.05.52:687][  0]LogEditorServer: Finished looking for orphan Actors (0.000 secs)
[2017.10.25-12.05.52:748][  0]Cmd: MAP CHECKDEP NOCLEARLOG
[2017.10.25-12.05.52:882][  0]MapCheck: Info Map check complete: 0 Error(s), 0 Warning(s), took 133.308ms to complete.
[2017.10.25-12.05.52:882][  0]LogFileHelpers: Loading map 'Minimal_Default' took 1.407
[2017.10.25-12.05.53:278][  0]LogCollectionManager: Loaded 0 collections in 0.006760 seconds
[2017.10.25-12.05.53:469][  0]LogFileCache: Scanning file cache for directory 'C:/Users/muthy.afifah/Downloads/StarterProject 4.16 - 3/Saved/Collections/' took 0.01s
[2017.10.25-12.05.53:469][  0]LogFileCache: Scanning file cache for directory 'C:/Users/muthy.afifah/Downloads/StarterProject 4.16 - 3/Content/Developers/muthyafifah/Collections/' took 0.01s
[2017.10.25-12.05.53:469][  0]LogFileCache: Scanning file cache for directory 'C:/Users/muthy.afifah/Downloads/StarterProject 4.16 - 3/Content/Collections/' took 0.01s
[2017.10.25-12.05.53:469][  0]LogCollectionManager: Rebuilt the GUID cache for 0 collections in 0.000004 seconds
[2017.10.25-12.05.53:504][  0]LogContentBrowser: Native class hierarchy populated in 0.0352 seconds. Added 2329 classes and 491 folders.
[2017.10.25-12.05.53:748][  0]LogContentBrowser: Native class hierarchy updated for 'WidgetCarousel' in 0.0019 seconds. Added 0 classes and 0 folders.
[2017.10.25-12.05.53:883][  0]LogContentBrowser: Native class hierarchy updated for 'AddContentDialog' in 0.0020 seconds. Added 0 classes and 0 folders.
[2017.10.25-12.05.54:026][  0]LogContentBrowser: Native class hierarchy updated for 'SceneOutliner' in 0.0018 seconds. Added 1 classes and 2 folders.
[2017.10.25-12.05.54:154][  0]LogCrashTracker: Crashtracker disabled due to settings.
[2017.10.25-12.05.54:184][  0]LogSlate: Took 0.000530 seconds to synchronously load lazily loaded font '../../../Engine/Content/Slate/Fonts/Roboto-Regular.ttf' (155K)
[2017.10.25-12.05.54:192][  0]LogSlate: Took 0.000454 seconds to synchronously load lazily loaded font '../../../Engine/Content/Slate/Fonts/Roboto-Bold.ttf' (160K)
[2017.10.25-12.05.54:211][  0]LogSlate: Took 0.000514 seconds to synchronously load lazily loaded font '../../../Engine/Content/Editor/Slate/Fonts/FontAwesome.ttf' (139K)
[2017.10.25-12.05.54:561][  0]LogRenderer: Reallocating scene render targets to support 840x372 NumSamples 1 (Frame:1).
[2017.10.25-12.05.54:899][  0]LogUObjectGlobals:Warning: Failed to find object 'Class None.'
[2017.10.25-12.05.55:039][  0]LogContentBrowser: Native class hierarchy updated for 'HierarchicalLODOutliner' in 0.0017 seconds. Added 1 classes and 2 folders.
[2017.10.25-12.05.55:039][  0]LogLoad: (Engine Initialization) Total time: 41.20 seconds
[2017.10.25-12.05.55:039][  0]LogLoad: (Engine Initialization) Total Blueprint compile time: 0.20 seconds
[2017.10.25-12.05.55:039][  0]LogExternalProfiler: Found external profiler: VSPerf
[2017.10.25-12.05.55:039][  0]LogExternalProfiler: Using external profiler: VSPerf
[2017.10.25-12.05.55:379][  0]LogOcInput: OculusInput pre-init called
[2017.10.25-12.05.55:379][  0]LogHMD: Starting GearVRController plugin
[2017.10.25-12.05.55:406][  0]LogContentStreaming: Texture pool size now 1000 MB
[2017.10.25-12.05.56:386][  3]LogAssetRegistry: Asset discovery search completed in 27.2321 seconds
[2017.10.25-12.05.56:392][  3]LogCollectionManager: Rebuilt the object cache for 0 collections in 0.000001 seconds (found 0 objects)
[2017.10.25-12.05.56:392][  3]LogCollectionManager: Fixed up redirectors for 0 collections in 0.000088 seconds (updated 0 objects)
[2017.10.25-12.05.59:726][ 13]LogSlate: Took 0.000429 seconds to synchronously load lazily loaded font '../../../Engine/Content/Slate/Fonts/Roboto-Light.ttf' (159K)
[2017.10.25-12.07.23:307][349]LogSlate: Took 0.000285 seconds to synchronously load lazily loaded font '../../../Engine/Content/Slate/Fonts/Roboto-Light.ttf' (159K)
[2017.10.25-12.07.24:014][349]LogSlate: Took 0.000323 seconds to synchronously load lazily loaded font '../../../Engine/Content/Slate/Fonts/Roboto-Regular.ttf' (155K)
[2017.10.25-12.07.24:268][349]LogContentBrowser: Native class hierarchy updated for 'BlueprintGraph' in 0.0019 seconds. Added 112 classes and 0 folders.
[2017.10.25-12.07.26:155][349]LogSlate: Took 0.000314 seconds to synchronously load lazily loaded font '../../../Engine/Content/Slate/Fonts/Roboto-Light.ttf' (159K)
[2017.10.25-12.07.26:157][349]LogSlate: Took 0.000312 seconds to synchronously load lazily loaded font '../../../Engine/Content/Editor/Slate/Fonts/Roboto-BoldCondensed.ttf' (158K)
[2017.10.25-12.07.29:172][522]LogTemp: Repeting last play command: Selected Viewport
[2017.10.25-12.07.29:234][522]LogBlueprintUserMessages: Early PlayInEditor Detection: Level '/Game/StarterContent/Maps/Minimal_Default.Minimal_Default:PersistentLevel' has LevelScriptBlueprint '/Game/StarterContent/Maps/Minimal_Default.Minimal_Default:PersistentLevel.Minimal_Default' with GeneratedClass '/Game/StarterContent/Maps/Minimal_Default.Minimal_Default_C' with ClassGeneratedBy '/Game/StarterContent/Maps/Minimal_Default.Minimal_Default:PersistentLevel.Minimal_Default'
[2017.10.25-12.07.29:234][522]LogPlayLevel: PlayLevel: No blueprints needed recompiling
[2017.10.25-12.07.29:234][522]PIE: New page: PIE session: Minimal_Default (Oct 26, 2017, 2:07:29 AM)
[2017.10.25-12.07.29:234][522]LogPlayLevel: Creating play world package: /Game/StarterContent/Maps/UEDPIE_0_Minimal_Default
[2017.10.25-12.07.29:249][522]LogPlayLevel: PIE: StaticDuplicateObject took: (0.014509s)
[2017.10.25-12.07.29:250][522]LogAIModule: Creating AISystem for world Minimal_Default
[2017.10.25-12.07.29:250][522]LogPlayLevel: PIE: World Init took: (0.001024s)
[2017.10.25-12.07.29:250][522]LogPlayLevel: PIE: Created PIE world by copying editor world from /Game/StarterContent/Maps/Minimal_Default.Minimal_Default to /Game/StarterContent/Maps/UEDPIE_0_Minimal_Default.Minimal_Default (0.015919s)
[2017.10.25-12.07.29:322][522]LogInit: XAudio2 using 'ASUS VS197-8 (NVIDIA High Definition Audio)' : 2 channels at 48 kHz using 16 bits per sample (channel mask 0x3)
[2017.10.25-12.07.29:332][522]LogInit: FAudioDevice initialized.
[2017.10.25-12.07.29:392][522]LogLoad: Game class is 'GameModeBase'
[2017.10.25-12.07.29:397][522]LogWorld: Bringing World /Game/StarterContent/Maps/UEDPIE_0_Minimal_Default.Minimal_Default up for play (max tick rate 0) at 2017.10.25-19.07.29
[2017.10.25-12.07.29:398][522]LogWorld: Bringing up level for play took: 0.004454
[2017.10.25-12.07.29:536][522]LogContentBrowser: Native class hierarchy updated for 'MovieSceneCapture' in 0.0022 seconds. Added 11 classes and 0 folders.
[2017.10.25-12.07.29:540][522]PIE: Info Play in editor start time for /Game/StarterContent/Maps/UEDPIE_0_Minimal_Default 1.112
[2017.10.25-12.07.29:541][522]LogBlueprintUserMessages: Late PlayInEditor Detection: Level '/Game/StarterContent/Maps/Minimal_Default.Minimal_Default:PersistentLevel' has LevelScriptBlueprint '/Game/StarterContent/Maps/Minimal_Default.Minimal_Default:PersistentLevel.Minimal_Default' with GeneratedClass '/Game/StarterContent/Maps/Minimal_Default.Minimal_Default_C' with ClassGeneratedBy '/Game/StarterContent/Maps/Minimal_Default.Minimal_Default:PersistentLevel.Minimal_Default'
[2017.10.25-12.07.34:229][651]LogBlueprintUserMessages: Early EndPlayMap Detection: Level '/Game/StarterContent/Maps/Minimal_Default.Minimal_Default:PersistentLevel' has LevelScriptBlueprint '/Game/StarterContent/Maps/Minimal_Default.Minimal_Default:PersistentLevel.Minimal_Default' with GeneratedClass '/Game/StarterContent/Maps/Minimal_Default.Minimal_Default_C' with ClassGeneratedBy '/Game/StarterContent/Maps/Minimal_Default.Minimal_Default:PersistentLevel.Minimal_Default'
[2017.10.25-12.07.34:278][651]LogBlueprintUserMessages: Late EndPlayMap Detection: Level '/Game/StarterContent/Maps/Minimal_Default.Minimal_Default:PersistentLevel' has LevelScriptBlueprint '/Game/StarterContent/Maps/Minimal_Default.Minimal_Default:PersistentLevel.Minimal_Default' with GeneratedClass '/Game/StarterContent/Maps/Minimal_Default.Minimal_Default_C' with ClassGeneratedBy '/Game/StarterContent/Maps/Minimal_Default.Minimal_Default:PersistentLevel.Minimal_Default'
[2017.10.25-12.07.42:046][914]LogTemp: Repeting last play command: Selected Viewport
[2017.10.25-12.07.42:111][914]LogBlueprintUserMessages: Early PlayInEditor Detection: Level '/Game/StarterContent/Maps/Minimal_Default.Minimal_Default:PersistentLevel' has LevelScriptBlueprint '/Game/StarterContent/Maps/Minimal_Default.Minimal_Default:PersistentLevel.Minimal_Default' with GeneratedClass '/Game/StarterContent/Maps/Minimal_Default.Minimal_Default_C' with ClassGeneratedBy '/Game/StarterContent/Maps/Minimal_Default.Minimal_Default:PersistentLevel.Minimal_Default'
[2017.10.25-12.07.42:111][914]LogPlayLevel: PlayLevel: No blueprints needed recompiling
[2017.10.25-12.07.42:111][914]PIE: New page: PIE session: Minimal_Default (Oct 26, 2017, 2:07:42 AM)
[2017.10.25-12.07.42:111][914]LogPlayLevel: Creating play world package: /Game/StarterContent/Maps/UEDPIE_0_Minimal_Default
[2017.10.25-12.07.42:134][914]LogPlayLevel: PIE: StaticDuplicateObject took: (0.022192s)
[2017.10.25-12.07.42:135][914]LogAIModule: Creating AISystem for world Minimal_Default
[2017.10.25-12.07.42:136][914]LogPlayLevel: PIE: World Init took: (0.001414s)
[2017.10.25-12.07.42:136][914]LogPlayLevel: PIE: Created PIE world by copying editor world from /Game/StarterContent/Maps/Minimal_Default.Minimal_Default to /Game/StarterContent/Maps/UEDPIE_0_Minimal_Default.Minimal_Default (0.024410s)
[2017.10.25-12.07.42:229][914]LogInit: XAudio2 using 'ASUS VS197-8 (NVIDIA High Definition Audio)' : 2 channels at 48 kHz using 16 bits per sample (channel mask 0x3)
[2017.10.25-12.07.42:246][914]LogInit: FAudioDevice initialized.
[2017.10.25-12.07.42:292][914]LogLoad: Game class is 'GameModeBase'
[2017.10.25-12.07.42:296][914]LogWorld: Bringing World /Game/StarterContent/Maps/UEDPIE_0_Minimal_Default.Minimal_Default up for play (max tick rate 0) at 2017.10.25-19.07.42
[2017.10.25-12.07.42:296][914]LogWorld: Bringing up level for play took: 0.003050
[2017.10.25-12.07.42:299][914]PIE: Info Play in editor start time for /Game/StarterContent/Maps/UEDPIE_0_Minimal_Default -0.129
[2017.10.25-12.07.42:300][914]LogBlueprintUserMessages: Late PlayInEditor Detection: Level '/Game/StarterContent/Maps/Minimal_Default.Minimal_Default:PersistentLevel' has LevelScriptBlueprint '/Game/StarterContent/Maps/Minimal_Default.Minimal_Default:PersistentLevel.Minimal_Default' with GeneratedClass '/Game/StarterContent/Maps/Minimal_Default.Minimal_Default_C' with ClassGeneratedBy '/Game/StarterContent/Maps/Minimal_Default.Minimal_Default:PersistentLevel.Minimal_Default'
[2017.10.25-12.07.44:745][992]LogConsoleManager:Warning: Performance warning: Console object named 'r.DebugSafeZone.Mode' shows many (500) FindConsoleObject() calls (consider caching e.g. using static)
[2017.10.25-12.07.44:831][996]LogBlueprintUserMessages: Early EndPlayMap Detection: Level '/Game/StarterContent/Maps/Minimal_Default.Minimal_Default:PersistentLevel' has LevelScriptBlueprint '/Game/StarterContent/Maps/Minimal_Default.Minimal_Default:PersistentLevel.Minimal_Default' with GeneratedClass '/Game/StarterContent/Maps/Minimal_Default.Minimal_Default_C' with ClassGeneratedBy '/Game/StarterContent/Maps/Minimal_Default.Minimal_Default:PersistentLevel.Minimal_Default'
[2017.10.25-12.07.44:868][996]LogBlueprintUserMessages: Late EndPlayMap Detection: Level '/Game/StarterContent/Maps/Minimal_Default.Minimal_Default:PersistentLevel' has LevelScriptBlueprint '/Game/StarterContent/Maps/Minimal_Default.Minimal_Default:PersistentLevel.Minimal_Default' with GeneratedClass '/Game/StarterContent/Maps/Minimal_Default.Minimal_Default_C' with ClassGeneratedBy '/Game/StarterContent/Maps/Minimal_Default.Minimal_Default:PersistentLevel.Minimal_Default'
[2017.10.25-12.07.48:428][265]LogAIModule: Creating AISystem for world NewMap
[2017.10.25-12.07.48:567][265]Cmd: MAP LOAD FILE="../../../../../Users/muthy.afifah/Downloads/StarterProject 4.16 - 3/Content/Tutorial3/NewMap.umap" TEMPLATE=0 SHOWPROGRESS=1 FEATURELEVEL=3
[2017.10.25-12.07.48:567][265]LightingResults: New page: Lighting Build
[2017.10.25-12.07.48:570][265]LoadErrors: New page: Loading map: NewMap.umap
[2017.10.25-12.07.48:571][265]MapCheck: New page: Map Check
[2017.10.25-12.07.48:571][265]LightingResults: New page: Lighting Build
[2017.10.25-12.07.48:684][265]LogEditorServer: Finished looking for orphan Actors (0.000 secs)
[2017.10.25-12.07.48:882][265]Cmd: MAP CHECKDEP NOCLEARLOG
[2017.10.25-12.07.49:067][265]MapCheck: Info Map check complete: 0 Error(s), 0 Warning(s), took 185.097ms to complete.
[2017.10.25-12.07.49:068][265]LogFileHelpers: Loading map 'NewMap' took 0.502
[2017.10.25-12.07.52:634][508]LogAIModule: Creating AISystem for world NewMap1
[2017.10.25-12.07.52:703][508]Cmd: MAP LOAD FILE="../../../../../Users/muthy.afifah/Downloads/StarterProject 4.16 - 3/Content/Tutorial3/NewMap1.umap" TEMPLATE=0 SHOWPROGRESS=1 FEATURELEVEL=3
[2017.10.25-12.07.52:704][508]LightingResults: New page: Lighting Build
[2017.10.25-12.07.52:705][508]LoadErrors: New page: Loading map: NewMap1.umap
[2017.10.25-12.07.52:706][508]MapCheck: New page: Map Check
[2017.10.25-12.07.52:706][508]LightingResults: New page: Lighting Build
[2017.10.25-12.07.52:776][508]LogEditorServer: Finished looking for orphan Actors (0.000 secs)
[2017.10.25-12.07.52:907][508]Cmd: MAP CHECKDEP NOCLEARLOG
[2017.10.25-12.07.53:008][508]MapCheck: Info Map check complete: 0 Error(s), 0 Warning(s), took 100.58ms to complete.
[2017.10.25-12.07.53:008][508]LogFileHelpers: Loading map 'NewMap1' took 0.306
[2017.10.25-12.07.54:084][567]LogTemp: Repeting last play command: Selected Viewport
[2017.10.25-12.07.54:144][567]LogBlueprintUserMessages: Early PlayInEditor Detection: Level '/Game/Tutorial3/NewMap1.NewMap1:PersistentLevel' has LevelScriptBlueprint '/Game/Tutorial3/NewMap1.NewMap1:PersistentLevel.NewMap1' with GeneratedClass '/Game/Tutorial3/NewMap1.NewMap1_C' with ClassGeneratedBy '/Game/Tutorial3/NewMap1.NewMap1:PersistentLevel.NewMap1'
[2017.10.25-12.07.54:144][567]LogPlayLevel: PlayLevel: No blueprints needed recompiling
[2017.10.25-12.07.54:144][567]PIE: New page: PIE session: NewMap1 (Oct 26, 2017, 2:07:54 AM)
[2017.10.25-12.07.54:144][567]LogPlayLevel: Creating play world package: /Game/Tutorial3/UEDPIE_0_NewMap1
[2017.10.25-12.07.54:147][567]LogPlayLevel: PIE: StaticDuplicateObject took: (0.002771s)
[2017.10.25-12.07.54:149][567]LogAIModule: Creating AISystem for world NewMap1
[2017.10.25-12.07.54:149][567]LogPlayLevel: PIE: World Init took: (0.001721s)
[2017.10.25-12.07.54:149][567]LogPlayLevel: PIE: Created PIE world by copying editor world from /Game/Tutorial3/NewMap1.NewMap1 to /Game/Tutorial3/UEDPIE_0_NewMap1.NewMap1 (0.004947s)
[2017.10.25-12.07.54:254][567]LogInit: XAudio2 using 'ASUS VS197-8 (NVIDIA High Definition Audio)' : 2 channels at 48 kHz using 16 bits per sample (channel mask 0x3)
[2017.10.25-12.07.54:274][567]LogInit: FAudioDevice initialized.
[2017.10.25-12.07.54:319][567]LogLoad: Game class is 'GameModeBase'
[2017.10.25-12.07.54:323][567]LogWorld: Bringing World /Game/Tutorial3/UEDPIE_0_NewMap1.NewMap1 up for play (max tick rate 0) at 2017.10.25-19.07.54
[2017.10.25-12.07.54:323][567]LogWorld: Bringing up level for play took: 0.002677
[2017.10.25-12.07.54:327][567]PIE: Info Play in editor start time for /Game/Tutorial3/UEDPIE_0_NewMap1 -0.1
[2017.10.25-12.07.54:328][567]LogBlueprintUserMessages: Late PlayInEditor Detection: Level '/Game/Tutorial3/NewMap1.NewMap1:PersistentLevel' has LevelScriptBlueprint '/Game/Tutorial3/NewMap1.NewMap1:PersistentLevel.NewMap1' with GeneratedClass '/Game/Tutorial3/NewMap1.NewMap1_C' with ClassGeneratedBy '/Game/Tutorial3/NewMap1.NewMap1:PersistentLevel.NewMap1'
[2017.10.25-12.07.56:057][678]LogNet: Browse: /Game/Tutorial3/NewMap
[2017.10.25-12.07.56:057][678]LogLoad: LoadMap: /Game/Tutorial3/NewMap
[2017.10.25-12.07.56:155][678]Cmd: MEM
[2017.10.25-12.07.56:247][678]LogMemory: Platform Memory Stats for Windows
[2017.10.25-12.07.56:247][678]LogMemory: Process Physical Memory: 1162.91 MB used, 1172.00 MB peak
[2017.10.25-12.07.56:247][678]LogMemory: Process Virtual Memory: 1468.36 MB used, 1651.34 MB peak
[2017.10.25-12.07.56:247][678]LogMemory: Physical Memory: 3877.13 MB used,  8284.59 MB free, 12161.71 MB total
[2017.10.25-12.07.56:247][678]LogMemory: Virtual Memory: 2136.51 MB used,  8284.59 MB free, 8388608.00 MB total
[2017.10.25-12.07.56:247][678]LogMemory: 
[2017.10.25-12.07.56:247][678]Allocator Stats for TBB: (not implemented)
[2017.10.25-12.07.57:770][678]LogAIModule: Creating AISystem for world NewMap
[2017.10.25-12.07.57:771][678]LogLoad: Game class is 'GameModeBase'
[2017.10.25-12.07.57:776][678]LogWorld: Bringing World /Game/Tutorial3/UEDPIE_0_NewMap.NewMap up for play (max tick rate 0) at 2017.10.25-19.07.57
[2017.10.25-12.07.57:776][678]LogWorld: Bringing up level for play took: 0.003972
[2017.10.25-12.07.57:777][678]LogGameMode: FindPlayerStart: PATHS NOT DEFINED or NO PLAYERSTART with positive rating
[2017.10.25-12.07.57:779][678]LogLoad: Took 1.720511 seconds to LoadMap(/Game/Tutorial3/NewMap)
[2017.10.25-12.08.07:341][272]LogBlueprintUserMessages: Early EndPlayMap Detection: Level '/Game/Tutorial3/NewMap1.NewMap1:PersistentLevel' has LevelScriptBlueprint '/Game/Tutorial3/NewMap1.NewMap1:PersistentLevel.NewMap1' with GeneratedClass '/Game/Tutorial3/NewMap1.NewMap1_C' with ClassGeneratedBy '/Game/Tutorial3/NewMap1.NewMap1:PersistentLevel.NewMap1'
[2017.10.25-12.08.07:387][272]LogBlueprintUserMessages: Late EndPlayMap Detection: Level '/Game/Tutorial3/NewMap1.NewMap1:PersistentLevel' has LevelScriptBlueprint '/Game/Tutorial3/NewMap1.NewMap1:PersistentLevel.NewMap1' with GeneratedClass '/Game/Tutorial3/NewMap1.NewMap1_C' with ClassGeneratedBy '/Game/Tutorial3/NewMap1.NewMap1:PersistentLevel.NewMap1'
[2017.10.25-12.08.22:471][977]BlueprintLog: New page: Compile MainMenu
[2017.10.25-12.08.22:984][977]BlueprintEditorCompileResults: Info Fast Template Successfully Created.
[2017.10.25-12.08.23:640][990]Cmd: OBJ SAVEPACKAGE PACKAGE="/Game/Tutorial3/MainMenu" FILE="../../../../../Users/muthy.afifah/Downloads/StarterProject 4.16 - 3/Content/Tutorial3/MainMenu.uasset" SILENT=true
[2017.10.25-12.08.23:742][990]LogSavePackage: Save=62.28ms
[2017.10.25-12.08.23:742][990]LogSavePackage: Moving '../../../../../Users/muthy.afifah/Downloads/StarterProject 4.16 - 3/Saved/MainMenu1546BD56455EA54A8A84D0BA60B6D2C3.tmp' to '../../../../../Users/muthy.afifah/Downloads/StarterProject 4.16 - 3/Content/Tutorial3/MainMenu.uasset'
[2017.10.25-12.08.23:751][990]LogSavePackage:Display: Finished SavePackage ../../../../../Users/muthy.afifah/Downloads/StarterProject 4.16 - 3/Content/Tutorial3/MainMenu.uasset
[2017.10.25-12.08.27:406][182]LogTemp: Repeting last play command: Selected Viewport
[2017.10.25-12.08.27:447][182]LogBlueprintUserMessages: Early PlayInEditor Detection: Level '/Game/Tutorial3/NewMap1.NewMap1:PersistentLevel' has LevelScriptBlueprint '/Game/Tutorial3/NewMap1.NewMap1:PersistentLevel.NewMap1' with GeneratedClass '/Game/Tutorial3/NewMap1.NewMap1_C' with ClassGeneratedBy '/Game/Tutorial3/NewMap1.NewMap1:PersistentLevel.NewMap1'
[2017.10.25-12.08.27:447][182]LogPlayLevel: PlayLevel: No blueprints needed recompiling
[2017.10.25-12.08.27:448][182]PIE: New page: PIE session: NewMap1 (Oct 26, 2017, 2:08:27 AM)
[2017.10.25-12.08.27:448][182]LogPlayLevel: Creating play world package: /Game/Tutorial3/UEDPIE_0_NewMap1
[2017.10.25-12.08.27:450][182]LogPlayLevel: PIE: StaticDuplicateObject took: (0.002101s)
[2017.10.25-12.08.27:451][182]LogAIModule: Creating AISystem for world NewMap1
[2017.10.25-12.08.27:451][182]LogPlayLevel: PIE: World Init took: (0.001518s)
[2017.10.25-12.08.27:452][182]LogPlayLevel: PIE: Created PIE world by copying editor world from /Game/Tutorial3/NewMap1.NewMap1 to /Game/Tutorial3/UEDPIE_0_NewMap1.NewMap1 (0.004061s)
[2017.10.25-12.08.27:544][182]LogInit: XAudio2 using 'ASUS VS197-8 (NVIDIA High Definition Audio)' : 2 channels at 48 kHz using 16 bits per sample (channel mask 0x3)
[2017.10.25-12.08.27:559][182]LogInit: FAudioDevice initialized.
[2017.10.25-12.08.27:597][182]LogLoad: Game class is 'GameModeBase'
[2017.10.25-12.08.27:599][182]LogWorld: Bringing World /Game/Tutorial3/UEDPIE_0_NewMap1.NewMap1 up for play (max tick rate 0) at 2017.10.25-19.08.27
[2017.10.25-12.08.27:600][182]LogWorld: Bringing up level for play took: 0.001978
[2017.10.25-12.08.27:603][182]PIE: Info Play in editor start time for /Game/Tutorial3/UEDPIE_0_NewMap1 -0.825
[2017.10.25-12.08.27:603][182]LogBlueprintUserMessages: Late PlayInEditor Detection: Level '/Game/Tutorial3/NewMap1.NewMap1:PersistentLevel' has LevelScriptBlueprint '/Game/Tutorial3/NewMap1.NewMap1:PersistentLevel.NewMap1' with GeneratedClass '/Game/Tutorial3/NewMap1.NewMap1_C' with ClassGeneratedBy '/Game/Tutorial3/NewMap1.NewMap1:PersistentLevel.NewMap1'
[2017.10.25-12.08.29:212][334]LogNet: Browse: /Game/Tutorial3/NewMap
[2017.10.25-12.08.29:213][334]LogLoad: LoadMap: /Game/Tutorial3/NewMap
[2017.10.25-12.08.29:280][334]Cmd: MEM
[2017.10.25-12.08.29:342][334]LogMemory: Platform Memory Stats for Windows
[2017.10.25-12.08.29:342][334]LogMemory: Process Physical Memory: 1297.87 MB used, 1332.98 MB peak
[2017.10.25-12.08.29:342][334]LogMemory: Process Virtual Memory: 1723.05 MB used, 1794.55 MB peak
[2017.10.25-12.08.29:342][334]LogMemory: Physical Memory: 3943.15 MB used,  8218.56 MB free, 12161.71 MB total
[2017.10.25-12.08.29:342][334]LogMemory: Virtual Memory: 2390.20 MB used,  8218.56 MB free, 8388608.00 MB total
[2017.10.25-12.08.29:342][334]LogMemory: 
[2017.10.25-12.08.29:342][334]Allocator Stats for TBB: (not implemented)
[2017.10.25-12.08.29:580][334]LogAIModule: Creating AISystem for world NewMap
[2017.10.25-12.08.29:581][334]LogLoad: Game class is 'GameModeBase'
[2017.10.25-12.08.29:586][334]LogWorld: Bringing World /Game/Tutorial3/UEDPIE_0_NewMap.NewMap up for play (max tick rate 0) at 2017.10.25-19.08.29
[2017.10.25-12.08.29:587][334]LogWorld: Bringing up level for play took: 0.004813
[2017.10.25-12.08.29:588][334]LogGameMode: FindPlayerStart: PATHS NOT DEFINED or NO PLAYERSTART with positive rating
[2017.10.25-12.08.29:590][334]LogLoad: Took 0.377710 seconds to LoadMap(/Game/Tutorial3/NewMap)
[2017.10.25-12.08.34:829][652]LogBlueprintUserMessages: Early EndPlayMap Detection: Level '/Game/Tutorial3/NewMap1.NewMap1:PersistentLevel' has LevelScriptBlueprint '/Game/Tutorial3/NewMap1.NewMap1:PersistentLevel.NewMap1' with GeneratedClass '/Game/Tutorial3/NewMap1.NewMap1_C' with ClassGeneratedBy '/Game/Tutorial3/NewMap1.NewMap1:PersistentLevel.NewMap1'
[2017.10.25-12.08.34:872][652]LogBlueprintUserMessages: Late EndPlayMap Detection: Level '/Game/Tutorial3/NewMap1.NewMap1:PersistentLevel' has LevelScriptBlueprint '/Game/Tutorial3/NewMap1.NewMap1:PersistentLevel.NewMap1' with GeneratedClass '/Game/Tutorial3/NewMap1.NewMap1_C' with ClassGeneratedBy '/Game/Tutorial3/NewMap1.NewMap1:PersistentLevel.NewMap1'
[2017.10.25-12.08.44:495][885]BlueprintLog: New page: Compile MainMenu
[2017.10.25-12.08.44:902][885]BlueprintEditorCompileResults: Info Fast Template Successfully Created.
[2017.10.25-12.08.45:417][898]Cmd: OBJ SAVEPACKAGE PACKAGE="/Game/Tutorial3/MainMenu" FILE="../../../../../Users/muthy.afifah/Downloads/StarterProject 4.16 - 3/Content/Tutorial3/MainMenu.uasset" SILENT=true
[2017.10.25-12.08.45:476][898]LogSavePackage: Save=47.08ms
[2017.10.25-12.08.45:476][898]LogSavePackage: Moving '../../../../../Users/muthy.afifah/Downloads/StarterProject 4.16 - 3/Saved/MainMenu37F77E48495715EEB2EAA7A71720F54A.tmp' to '../../../../../Users/muthy.afifah/Downloads/StarterProject 4.16 - 3/Content/Tutorial3/MainMenu.uasset'
[2017.10.25-12.08.45:482][898]LogSavePackage:Display: Finished SavePackage ../../../../../Users/muthy.afifah/Downloads/StarterProject 4.16 - 3/Content/Tutorial3/MainMenu.uasset
[2017.10.25-12.08.48:558][ 77]LogTemp: Repeting last play command: Selected Viewport
[2017.10.25-12.08.48:609][ 77]LogBlueprintUserMessages: Early PlayInEditor Detection: Level '/Game/Tutorial3/NewMap1.NewMap1:PersistentLevel' has LevelScriptBlueprint '/Game/Tutorial3/NewMap1.NewMap1:PersistentLevel.NewMap1' with GeneratedClass '/Game/Tutorial3/NewMap1.NewMap1_C' with ClassGeneratedBy '/Game/Tutorial3/NewMap1.NewMap1:PersistentLevel.NewMap1'
[2017.10.25-12.08.48:609][ 77]LogPlayLevel: PlayLevel: No blueprints needed recompiling
[2017.10.25-12.08.48:609][ 77]PIE: New page: PIE session: NewMap1 (Oct 26, 2017, 2:08:48 AM)
[2017.10.25-12.08.48:609][ 77]LogPlayLevel: Creating play world package: /Game/Tutorial3/UEDPIE_0_NewMap1
[2017.10.25-12.08.48:613][ 77]LogPlayLevel: PIE: StaticDuplicateObject took: (0.003723s)
[2017.10.25-12.08.48:617][ 77]LogAIModule: Creating AISystem for world NewMap1
[2017.10.25-12.08.48:617][ 77]LogPlayLevel: PIE: World Init took: (0.003897s)
[2017.10.25-12.08.48:617][ 77]LogPlayLevel: PIE: Created PIE world by copying editor world from /Game/Tutorial3/NewMap1.NewMap1 to /Game/Tutorial3/UEDPIE_0_NewMap1.NewMap1 (0.008087s)
[2017.10.25-12.08.48:712][ 77]LogInit: XAudio2 using 'ASUS VS197-8 (NVIDIA High Definition Audio)' : 2 channels at 48 kHz using 16 bits per sample (channel mask 0x3)
[2017.10.25-12.08.48:730][ 77]LogInit: FAudioDevice initialized.
[2017.10.25-12.08.48:768][ 77]LogLoad: Game class is 'GameModeBase'
[2017.10.25-12.08.48:771][ 77]LogWorld: Bringing World /Game/Tutorial3/UEDPIE_0_NewMap1.NewMap1 up for play (max tick rate 0) at 2017.10.25-19.08.48
[2017.10.25-12.08.48:771][ 77]LogWorld: Bringing up level for play took: 0.002240
[2017.10.25-12.08.48:775][ 77]PIE: Info Play in editor start time for /Game/Tutorial3/UEDPIE_0_NewMap1 0.347
[2017.10.25-12.08.48:775][ 77]LogBlueprintUserMessages: Late PlayInEditor Detection: Level '/Game/Tutorial3/NewMap1.NewMap1:PersistentLevel' has LevelScriptBlueprint '/Game/Tutorial3/NewMap1.NewMap1:PersistentLevel.NewMap1' with GeneratedClass '/Game/Tutorial3/NewMap1.NewMap1_C' with ClassGeneratedBy '/Game/Tutorial3/NewMap1.NewMap1:PersistentLevel.NewMap1'
[2017.10.25-12.08.50:360][201]LogNet: Browse: /Game/Tutorial3/NewMap
[2017.10.25-12.08.50:360][201]LogLoad: LoadMap: /Game/Tutorial3/NewMap
[2017.10.25-12.08.50:441][201]Cmd: MEM
[2017.10.25-12.08.50:516][201]LogMemory: Platform Memory Stats for Windows
[2017.10.25-12.08.50:516][201]LogMemory: Process Physical Memory: 1297.73 MB used, 1332.98 MB peak
[2017.10.25-12.08.50:516][201]LogMemory: Process Virtual Memory: 1713.79 MB used, 1794.55 MB peak
[2017.10.25-12.08.50:516][201]LogMemory: Physical Memory: 3943.97 MB used,  8217.74 MB free, 12161.71 MB total
[2017.10.25-12.08.50:516][201]LogMemory: Virtual Memory: 2371.39 MB used,  8217.74 MB free, 8388608.00 MB total
[2017.10.25-12.08.50:516][201]LogMemory: 
[2017.10.25-12.08.50:516][201]Allocator Stats for TBB: (not implemented)
[2017.10.25-12.08.50:784][201]LogAIModule: Creating AISystem for world NewMap
[2017.10.25-12.08.50:785][201]LogLoad: Game class is 'GameModeBase'
[2017.10.25-12.08.50:789][201]LogWorld: Bringing World /Game/Tutorial3/UEDPIE_0_NewMap.NewMap up for play (max tick rate 0) at 2017.10.25-19.08.50
[2017.10.25-12.08.50:790][201]LogWorld: Bringing up level for play took: 0.003697
[2017.10.25-12.08.50:790][201]LogGameMode: FindPlayerStart: PATHS NOT DEFINED or NO PLAYERSTART with positive rating
[2017.10.25-12.08.50:792][201]LogLoad: Took 0.432359 seconds to LoadMap(/Game/Tutorial3/NewMap)
[2017.10.25-12.08.57:003][799]LogBlueprintUserMessages: Early EndPlayMap Detection: Level '/Game/Tutorial3/NewMap1.NewMap1:PersistentLevel' has LevelScriptBlueprint '/Game/Tutorial3/NewMap1.NewMap1:PersistentLevel.NewMap1' with GeneratedClass '/Game/Tutorial3/NewMap1.NewMap1_C' with ClassGeneratedBy '/Game/Tutorial3/NewMap1.NewMap1:PersistentLevel.NewMap1'
[2017.10.25-12.08.57:040][799]LogBlueprintUserMessages: Late EndPlayMap Detection: Level '/Game/Tutorial3/NewMap1.NewMap1:PersistentLevel' has LevelScriptBlueprint '/Game/Tutorial3/NewMap1.NewMap1:PersistentLevel.NewMap1' with GeneratedClass '/Game/Tutorial3/NewMap1.NewMap1_C' with ClassGeneratedBy '/Game/Tutorial3/NewMap1.NewMap1:PersistentLevel.NewMap1'
[2017.10.25-12.09.15:376][422]Cmd: QUIT_EDITOR
[2017.10.25-12.09.15:480][422]LogExit: Preparing to exit.
[2017.10.25-12.09.15:847][422]LogDirectoryWatcher: A directory notification for 'C:/Users/muthy.afifah/Downloads/StarterProject 4.16 - 3/Content/' was aborted.
[2017.10.25-12.09.15:933][422]LogExit: Editor shut down
[2017.10.25-12.09.15:939][422]LogExit: Transaction tracking system shut down
[2017.10.25-12.09.16:266][422]LogObj: Freed 0b from 0 cluster array pools.
[2017.10.25-12.09.16:266][422]LogExit: Object subsystem successfully closed.
[2017.10.25-12.09.16:300][422]LogD3D11RHI: Shutdown
[2017.10.25-12.09.16:300][422]LogD3D11RHI: CleanupD3DDevice
[2017.10.25-12.09.16:454][422]LogD3D11RHI: ~FD3D11DynamicRHI
[2017.10.25-12.09.16:493][422]LogModuleManager: Shutting down and abandoning module MovieSceneCapture (532)
[2017.10.25-12.09.16:494][422]LogModuleManager: Shutting down and abandoning module SequencerWidgets (530)
[2017.10.25-12.09.16:494][422]LogModuleManager: Shutting down and abandoning module BlueprintGraph (528)
[2017.10.25-12.09.16:494][422]LogModuleManager: Shutting down and abandoning module BlueprintProfiler (526)
[2017.10.25-12.09.16:494][422]LogModuleManager: Shutting down and abandoning module HierarchicalLODOutliner (524)
[2017.10.25-12.09.16:494][422]LogModuleManager: Shutting down and abandoning module CrashTracker (522)
[2017.10.25-12.09.16:494][422]LogModuleManager: Shutting down and abandoning module SceneOutliner (520)
[2017.10.25-12.09.16:494][422]LogModuleManager: Shutting down and abandoning module AddContentDialog (518)
[2017.10.25-12.09.16:494][422]LogDirectoryWatcher: A directory notification for 'C:/Unreal Engine 4/UE_4.16/FeaturePacks/' was aborted.
[2017.10.25-12.09.16:497][422]LogModuleManager: Shutting down and abandoning module WidgetCarousel (517)
[2017.10.25-12.09.16:497][422]LogModuleManager: Shutting down and abandoning module EditorWidgets (514)
[2017.10.25-12.09.16:497][422]LogModuleManager: Shutting down and abandoning module CollectionManager (512)
[2017.10.25-12.09.16:497][422]LogDirectoryWatcher: A directory notification for 'C:/Users/muthy.afifah/Downloads/StarterProject 4.16 - 3/Content/Collections/' was aborted.
[2017.10.25-12.09.16:497][422]LogDirectoryWatcher: A directory notification for 'C:/Users/muthy.afifah/Downloads/StarterProject 4.16 - 3/Content/Developers/muthyafifah/Collections/' was aborted.
[2017.10.25-12.09.16:498][422]LogDirectoryWatcher: A directory notification for 'C:/Users/muthy.afifah/Downloads/StarterProject 4.16 - 3/Saved/Collections/' was aborted.
[2017.10.25-12.09.16:498][422]LogModuleManager: Shutting down and abandoning module StatsViewer (510)
[2017.10.25-12.09.16:498][422]LogModuleManager: Shutting down and abandoning module FoliageEdit (508)
[2017.10.25-12.09.16:498][422]LogModuleManager: Shutting down and abandoning module LandscapeEditor (506)
[2017.10.25-12.09.16:498][422]LogModuleManager: Shutting down and abandoning module MeshPaintMode (504)
[2017.10.25-12.09.16:498][422]LogModuleManager: Shutting down and abandoning module SceneDepthPickerMode (502)
[2017.10.25-12.09.16:498][422]LogModuleManager: Shutting down and abandoning module ActorPickerMode (500)
[2017.10.25-12.09.16:498][422]LogModuleManager: Shutting down and abandoning module GeometryMode (498)
[2017.10.25-12.09.16:498][422]LogModuleManager: Shutting down and abandoning module TextureAlignMode (496)
[2017.10.25-12.09.16:498][422]LogModuleManager: Shutting down and abandoning module BspMode (494)
[2017.10.25-12.09.16:498][422]LogModuleManager: Shutting down and abandoning module HardwareSurvey (492)
[2017.10.25-12.09.16:498][422]LogModuleManager: Shutting down and abandoning module SequenceRecorderSections (490)
[2017.10.25-12.09.16:498][422]LogModuleManager: Shutting down and abandoning module AutomationWorker (488)
[2017.10.25-12.09.16:498][422]LogModuleManager: Shutting down and abandoning module MatineeToLevelSequence (486)
[2017.10.25-12.09.16:498][422]LogModuleManager: Shutting down and abandoning module LevelSequenceEditor (484)
[2017.10.25-12.09.16:499][422]LogModuleManager: Shutting down and abandoning module PlacementMode (483)
[2017.10.25-12.09.16:499][422]LogModuleManager: Shutting down and abandoning module WmfMediaFactory (480)
[2017.10.25-12.09.16:499][422]LogModuleManager: Shutting down and abandoning module WmfMediaEditor (478)
[2017.10.25-12.09.16:499][422]LogModuleManager: Shutting down and abandoning module AvfMediaFactory (476)
[2017.10.25-12.09.16:499][422]LogModuleManager: Shutting down and abandoning module AvfMediaEditor (474)
[2017.10.25-12.09.16:499][422]LogModuleManager: Shutting down and abandoning module AndroidMediaFactory (472)
[2017.10.25-12.09.16:499][422]LogModuleManager: Shutting down and abandoning module Media (471)
[2017.10.25-12.09.16:499][422]LogModuleManager: Shutting down and abandoning module AndroidMediaEditor (468)
[2017.10.25-12.09.16:499][422]LogModuleManager: Shutting down and abandoning module CharacterAI (466)
[2017.10.25-12.09.16:499][422]LogModuleManager: Shutting down and abandoning module AudioCapture (464)
[2017.10.25-12.09.16:499][422]LogModuleManager: Shutting down and abandoning module SequenceRecorder (463)
[2017.10.25-12.09.16:499][422]LogModuleManager: Shutting down and abandoning module SmartSnapping (460)
[2017.10.25-12.09.16:499][422]LogModuleManager: Shutting down and abandoning module SessionServices (458)
[2017.10.25-12.09.16:499][422]LogModuleManager: Shutting down and abandoning module ViewportSnapping (456)
[2017.10.25-12.09.16:499][422]LogModuleManager: Shutting down and abandoning module ViewportInteraction (454)
[2017.10.25-12.09.16:499][422]LogModuleManager: Shutting down and abandoning module ClothPainter (452)
[2017.10.25-12.09.16:499][422]LogModuleManager: Shutting down and abandoning module LogVisualizer (450)
[2017.10.25-12.09.16:499][422]LogModuleManager: Shutting down and abandoning module IntroTutorials (448)
[2017.10.25-12.09.16:500][422]LogModuleManager: Shutting down and abandoning module GameProjectGeneration (447)
[2017.10.25-12.09.16:500][422]LogModuleManager: Shutting down and abandoning module EditorLiveStreaming (444)
[2017.10.25-12.09.16:500][422]LogModuleManager: Shutting down and abandoning module IOSPlatformEditor (442)
[2017.10.25-12.09.16:500][422]LogModuleManager: Shutting down and abandoning module HTML5PlatformEditor (440)
[2017.10.25-12.09.16:500][422]LogModuleManager: Shutting down and abandoning module AndroidPlatformEditor (438)
[2017.10.25-12.09.16:500][422]LogModuleManager: Shutting down and abandoning module AndroidDeviceDetection (437)
[2017.10.25-12.09.16:593][422]LogModuleManager: Shutting down and abandoning module IOSRuntimeSettings (434)
[2017.10.25-12.09.16:593][422]LogModuleManager: Shutting down and abandoning module AndroidRuntimeSettings (432)
[2017.10.25-12.09.16:593][422]LogModuleManager: Shutting down and abandoning module InputBindingEditor (430)
[2017.10.25-12.09.16:593][422]LogModuleManager: Shutting down and abandoning module MergeActors (428)
[2017.10.25-12.09.16:593][422]LogModuleManager: Shutting down and abandoning module SizeMap (426)
[2017.10.25-12.09.16:593][422]LogModuleManager: Shutting down and abandoning module TreeMap (424)
[2017.10.25-12.09.16:593][422]LogModuleManager: Shutting down and abandoning module ReferenceViewer (422)
[2017.10.25-12.09.16:593][422]LogModuleManager: Shutting down and abandoning module LocalizationDashboard (420)
[2017.10.25-12.09.16:593][422]LogModuleManager: Shutting down and abandoning module LocalizationService (419)
[2017.10.25-12.09.16:593][422]LogModuleManager: Shutting down and abandoning module HardwareTargeting (416)
[2017.10.25-12.09.16:593][422]LogModuleManager: Shutting down and abandoning module DeviceProfileEditor (414)
[2017.10.25-12.09.16:594][422]LogModuleManager: Shutting down and abandoning module UndoHistory (412)
[2017.10.25-12.09.16:594][422]LogModuleManager: Shutting down and abandoning module UserFeedback (410)
[2017.10.25-12.09.16:594][422]LogModuleManager: Shutting down and abandoning module XmlParser (408)
[2017.10.25-12.09.16:594][422]LogModuleManager: Shutting down and abandoning module Blutility (406)
[2017.10.25-12.09.16:594][422]LogModuleManager: Shutting down and abandoning module ProjectSettingsViewer (404)
[2017.10.25-12.09.16:594][422]LogModuleManager: Shutting down and abandoning module ProjectTargetPlatformEditor (403)
[2017.10.25-12.09.16:594][422]LogModuleManager: Shutting down and abandoning module EditorSettingsViewer (400)
[2017.10.25-12.09.16:594][422]LogModuleManager: Shutting down and abandoning module SettingsEditor (398)
[2017.10.25-12.09.16:594][422]LogModuleManager: Shutting down and abandoning module ProjectLauncher (396)
[2017.10.25-12.09.16:594][422]LogModuleManager: Shutting down and abandoning module SessionFrontend (394)
[2017.10.25-12.09.16:594][422]LogModuleManager: Shutting down and abandoning module ProfilerClient (392)
[2017.10.25-12.09.16:594][422]LogModuleManager: Shutting down and abandoning module DeviceManager (390)
[2017.10.25-12.09.16:594][422]LogModuleManager: Shutting down and abandoning module TargetDeviceServices (389)
[2017.10.25-12.09.16:645][422]LogModuleManager: Shutting down and abandoning module AutomationController (386)
[2017.10.25-12.09.16:645][422]LogModuleManager: Shutting down and abandoning module AutomationWindow (384)
[2017.10.25-12.09.16:645][422]LogModuleManager: Shutting down and abandoning module Layers (382)
[2017.10.25-12.09.16:645][422]LogModuleManager: Shutting down and abandoning module ComponentVisualizers (380)
[2017.10.25-12.09.16:645][422]LogModuleManager: Shutting down and abandoning module DetailCustomizations (378)
[2017.10.25-12.09.16:645][422]LogModuleManager: Shutting down and abandoning module PackagesDialog (376)
[2017.10.25-12.09.16:645][422]LogModuleManager: Shutting down and abandoning module Persona (374)
[2017.10.25-12.09.16:646][422]LogModuleManager: Shutting down and abandoning module AdvancedPreviewScene (373)
[2017.10.25-12.09.16:646][422]LogModuleManager: Shutting down and abandoning module AnimGraph (371)
[2017.10.25-12.09.16:646][422]LogModuleManager: Shutting down and abandoning module Kismet (368)
[2017.10.25-12.09.16:665][422]LogModuleManager: Shutting down and abandoning module ClassViewer (366)
[2017.10.25-12.09.16:665][422]LogModuleManager: Shutting down and abandoning module Toolbox (364)
[2017.10.25-12.09.16:665][422]LogModuleManager: Shutting down and abandoning module ModuleUI (362)
[2017.10.25-12.09.16:665][422]LogModuleManager: Shutting down and abandoning module MovieSceneTools (360)
[2017.10.25-12.09.16:665][422]LogModuleManager: Shutting down and abandoning module OutputLog (358)
[2017.10.25-12.09.16:665][422]LogModuleManager: Shutting down and abandoning module GammaUI (356)
[2017.10.25-12.09.16:665][422]LogModuleManager: Shutting down and abandoning module Documentation (354)
[2017.10.25-12.09.16:665][422]LogModuleManager: Shutting down and abandoning module MovieSceneTracks (352)
[2017.10.25-12.09.16:665][422]LogModuleManager: Shutting down and abandoning module MovieScene (350)
[2017.10.25-12.09.16:666][422]LogModuleManager: Shutting down and abandoning module Niagara (348)
[2017.10.25-12.09.16:666][422]LogModuleManager: Shutting down and abandoning module NiagaraEditor (347)
[2017.10.25-12.09.16:666][422]LogModuleManager: Shutting down and abandoning module StreamingPauseRendering (344)
[2017.10.25-12.09.16:666][422]LogModuleManager: Shutting down and abandoning module AnalyticsET (342)
[2017.10.25-12.09.16:666][422]LogModuleManager: Shutting down and abandoning module PortalServices (340)
[2017.10.25-12.09.16:666][422]LogModuleManager: Shutting down and abandoning module PortalRpc (338)
[2017.10.25-12.09.16:666][422]LogModuleManager: Shutting down and abandoning module MessagingRpc (336)
[2017.10.25-12.09.16:666][422]LogModuleManager: Shutting down and abandoning module AIModule (334)
[2017.10.25-12.09.16:666][422]LogModuleManager: Shutting down and abandoning module GameplayDebugger (333)
[2017.10.25-12.09.16:666][422]LogModuleManager: Shutting down and abandoning module AITestSuite (331)
[2017.10.25-12.09.16:666][422]LogModuleManager: Shutting down and abandoning module ProfilerService (328)
[2017.10.25-12.09.16:763][422]LogModuleManager: Shutting down and abandoning module TaskGraph (326)
[2017.10.25-12.09.16:763][422]LogModuleManager: Shutting down and abandoning module SteamVRController (324)
[2017.10.25-12.09.16:763][422]LogModuleManager: Shutting down and abandoning module SteamVR (322)
[2017.10.25-12.09.16:763][422]LogModuleManager: Shutting down and abandoning module ProceduralMeshComponentEditor (320)
[2017.10.25-12.09.16:763][422]LogModuleManager: Shutting down and abandoning module ProceduralMeshComponent (318)
[2017.10.25-12.09.16:763][422]LogModuleManager: Shutting down and abandoning module OculusLibrary (316)
[2017.10.25-12.09.16:763][422]LogModuleManager: Shutting down and abandoning module OculusInput (314)
[2017.10.25-12.09.16:763][422]LogModuleManager: Shutting down and abandoning module MobilePatchingUtils (312)
[2017.10.25-12.09.16:763][422]LogModuleManager: Shutting down and abandoning module CustomMeshComponent (310)
[2017.10.25-12.09.16:763][422]LogModuleManager: Shutting down and abandoning module CableComponent (308)
[2017.10.25-12.09.16:763][422]LogModuleManager: Shutting down and abandoning module ArchVisCharacter (306)
[2017.10.25-12.09.16:763][422]LogModuleManager: Shutting down and abandoning module AndroidPermission (304)
[2017.10.25-12.09.16:763][422]LogModuleManager: Shutting down and abandoning module MediaPlayerEditor (300)
[2017.10.25-12.09.16:763][422]LogModuleManager: Shutting down and abandoning module HTML5Networking (298)
[2017.10.25-12.09.16:764][422]LogModuleManager: Shutting down and abandoning module AlembicImporter (296)
[2017.10.25-12.09.16:764][422]LogModuleManager: Shutting down and abandoning module AlembicLibrary (295)
[2017.10.25-12.09.16:764][422]LogModuleManager: Shutting down and abandoning module GeometryCache (294)
[2017.10.25-12.09.16:764][422]LogModuleManager: Shutting down and abandoning module GeometryCacheEd (293)
[2017.10.25-12.09.16:764][422]LogModuleManager: Shutting down and abandoning module SuperSearchEditor (288)
[2017.10.25-12.09.16:764][422]LogModuleManager: Shutting down and abandoning module SuperSearch (287)
[2017.10.25-12.09.16:764][422]LogModuleManager: Shutting down and abandoning module SpeedTreeImporter (284)
[2017.10.25-12.09.16:764][422]LogModuleManager: Shutting down and abandoning module PluginBrowser (282)
[2017.10.25-12.09.16:764][422]LogModuleManager: Shutting down and abandoning module MobileLauncherProfileWizard (280)
[2017.10.25-12.09.16:764][422]LogModuleManager: Shutting down and abandoning module VisualStudioSourceCodeAccess (278)
[2017.10.25-12.09.16:764][422]LogModuleManager: Shutting down and abandoning module DesktopPlatform (277)
[2017.10.25-12.09.16:764][422]LogModuleManager: Shutting down and abandoning module UObjectPlugin (274)
[2017.10.25-12.09.16:764][422]LogModuleManager: Shutting down and abandoning module SubversionSourceControl (272)
[2017.10.25-12.09.16:764][422]LogModuleManager: Shutting down and abandoning module PerforceSourceControl (270)
[2017.10.25-12.09.16:764][422]LogModuleManager: Shutting down and abandoning module GitSourceControl (268)
[2017.10.25-12.09.16:764][422]LogModuleManager: Shutting down and abandoning module SourceControl (267)
[2017.10.25-12.09.16:764][422]LogModuleManager: Shutting down and abandoning module LightPropagationVolumeEditor (264)
[2017.10.25-12.09.16:764][422]LogModuleManager: Shutting down and abandoning module PaperTiledImporter (262)
[2017.10.25-12.09.16:764][422]LogModuleManager: Shutting down and abandoning module PaperSpriteSheetImporter (260)
[2017.10.25-12.09.16:764][422]LogModuleManager: Shutting down and abandoning module Paper2DEditor (258)
[2017.10.25-12.09.16:765][422]LogModuleManager: Shutting down and abandoning module MeshPaint (257)
[2017.10.25-12.09.16:765][422]LogModuleManager: Shutting down and abandoning module LevelEditor (255)
[2017.10.25-12.09.16:767][422]LogModuleManager: Shutting down and abandoning module PixelInspectorModule (254)
[2017.10.25-12.09.16:767][422]LogModuleManager: Shutting down and abandoning module MainFrame (252)
[2017.10.25-12.09.16:767][422]LogModuleManager: Shutting down and abandoning module HotReload (251)
[2017.10.25-12.09.16:769][422]LogModuleManager: Shutting down and abandoning module PhysXVehiclesEditor (246)
[2017.10.25-12.09.16:769][422]LogModuleManager: Shutting down and abandoning module PhysXVehicles (244)
[2017.10.25-12.09.16:769][422]LogModuleManager: Shutting down and abandoning module LocationServicesBPLibrary (242)
[2017.10.25-12.09.16:769][422]LogModuleManager: Shutting down and abandoning module ImmediatePhysicsEditor (240)
[2017.10.25-12.09.16:769][422]LogModuleManager: Shutting down and abandoning module ImmediatePhysics (238)
[2017.10.25-12.09.16:769][422]LogModuleManager: Shutting down and abandoning module UdpMessaging (236)
[2017.10.25-12.09.16:869][422]LogModuleManager: Shutting down and abandoning module TcpMessaging (234)
[2017.10.25-12.09.16:969][422]LogModuleManager: Shutting down and abandoning module GameplayTagsEditor (232)
[2017.10.25-12.09.16:969][422]LogModuleManager: Shutting down and abandoning module FacialAnimationEditor (230)
[2017.10.25-12.09.16:969][422]LogModuleManager: Shutting down and abandoning module FacialAnimation (228)
[2017.10.25-12.09.16:969][422]LogModuleManager: Shutting down and abandoning module AssetManagerEditor (226)
[2017.10.25-12.09.16:969][422]LogModuleManager: Shutting down and abandoning module GraphEditor (225)
[2017.10.25-12.09.16:969][422]LogModuleManager: Shutting down and abandoning module ContentBrowser (223)
[2017.10.25-12.09.16:972][422]LogModuleManager: Shutting down and abandoning module LightPropagationVolumeRuntime (220)
[2017.10.25-12.09.16:972][422]LogModuleManager: Shutting down and abandoning module Paper2D (218)
[2017.10.25-12.09.16:972][422]LogModuleManager: Shutting down and abandoning module WindowsMoviePlayer (216)
[2017.10.25-12.09.16:972][422]LogModuleManager: Shutting down and abandoning module WmfMedia (214)
[2017.10.25-12.09.16:973][422]LogModuleManager: Shutting down and abandoning module ClothingSystemEditor (212)
[2017.10.25-12.09.16:974][422]LogModuleManager: Shutting down and abandoning module ClothingSystemRuntime (210)
[2017.10.25-12.09.16:974][422]LogModuleManager: Shutting down and abandoning module MediaAssets (208)
[2017.10.25-12.09.16:974][422]LogModuleManager: Shutting down and abandoning module GameLiveStreaming (206)
[2017.10.25-12.09.16:975][422]LogModuleManager: Shutting down and abandoning module VREditor (204)
[2017.10.25-12.09.16:975][422]LogModuleManager: Shutting down and abandoning module StringTableEditor (202)
[2017.10.25-12.09.16:975][422]LogModuleManager: Shutting down and abandoning module GameplayTasksEditor (200)
[2017.10.25-12.09.16:975][422]LogModuleManager: Shutting down and abandoning module BehaviorTreeEditor (198)
[2017.10.25-12.09.16:975][422]LogModuleManager: Shutting down and abandoning module FunctionalTesting (196)
[2017.10.25-12.09.16:975][422]LogModuleManager: Shutting down and abandoning module CollisionAnalyzer (194)
[2017.10.25-12.09.16:975][422]LogModuleManager: Shutting down and abandoning module UMG (192)
[2017.10.25-12.09.16:975][422]LogModuleManager: Shutting down and abandoning module UMGEditor (191)
[2017.10.25-12.09.16:975][422]LogModuleManager: Shutting down and abandoning module Sequencer (190)
[2017.10.25-12.09.16:975][422]LogModuleManager: Shutting down and abandoning module AssetTools (188)
[2017.10.25-12.09.16:975][422]LogModuleManager: Shutting down and abandoning module MessageLog (187)
[2017.10.25-12.09.16:975][422]LogModuleManager: Shutting down and abandoning module WorkspaceMenuStructure (186)
[2017.10.25-12.09.16:975][422]LogModuleManager: Shutting down and abandoning module SlateReflector (180)
[2017.10.25-12.09.16:976][422]LogModuleManager: Shutting down and abandoning module Slate (178)
[2017.10.25-12.09.16:976][422]LogModuleManager: Shutting down and abandoning module EditorStyle (176)
[2017.10.25-12.09.16:984][422]LogModuleManager: Shutting down and abandoning module SourceCodeAccess (174)
[2017.10.25-12.09.16:984][422]LogModuleManager: Shutting down and abandoning module HeadMountedDisplay (172)
[2017.10.25-12.09.16:984][422]LogModuleManager: Shutting down and abandoning module XAudio2 (170)
[2017.10.25-12.09.16:984][422]LogModuleManager: Shutting down and abandoning module Networking (168)
[2017.10.25-12.09.16:984][422]LogModuleManager: Shutting down and abandoning module Core (164)
[2017.10.25-12.09.16:984][422]LogModuleManager: Shutting down and abandoning module AssetRegistry (162)
[2017.10.25-12.09.17:194][422]LogDirectoryWatcher: A directory notification for '../../../Engine/Content/' was aborted.
[2017.10.25-12.09.17:194][422]LogDirectoryWatcher: A directory notification for '../../../../../Users/muthy.afifah/Downloads/StarterProject 4.16 - 3/Content/' was aborted.
[2017.10.25-12.09.17:194][422]LogDirectoryWatcher: A directory notification for '../../../Engine/Plugins/2D/Paper2D/Content/' was aborted.
[2017.10.25-12.09.17:194][422]LogDirectoryWatcher: A directory notification for '../../../Engine/Plugins/Runtime/GearVR/Content/' was aborted.
[2017.10.25-12.09.17:201][422]LogModuleManager: Shutting down and abandoning module DirectoryWatcher (161)
[2017.10.25-12.09.17:203][422]LogModuleManager: Shutting down and abandoning module KismetCompiler (158)
[2017.10.25-12.09.17:203][422]LogModuleManager: Shutting down and abandoning module PhysXFormats (156)
[2017.10.25-12.09.17:203][422]LogModuleManager: Shutting down and abandoning module MeshUtilities (154)
[2017.10.25-12.09.17:203][422]LogModuleManager: Shutting down and abandoning module SimplygonSwarm (153)
[2017.10.25-12.09.17:203][422]LogModuleManager: Shutting down and abandoning module SimplygonMeshReduction (151)
[2017.10.25-12.09.17:203][422]LogModuleManager: Shutting down and abandoning module QuadricMeshReduction (149)
[2017.10.25-12.09.17:203][422]LogModuleManager: Shutting down and abandoning module LevelSequence (146)
[2017.10.25-12.09.17:203][422]LogModuleManager: Shutting down and abandoning module DerivedDataCache (144)
[2017.10.25-12.09.17:263][422]LogDerivedDataCache: Shutdown
[2017.10.25-12.09.17:263][422]LogModuleManager: Shutting down and abandoning module TargetPlatform (142)
[2017.10.25-12.09.17:263][422]LogModuleManager: Shutting down and abandoning module VulkanShaderFormat (141)
[2017.10.25-12.09.17:263][422]LogModuleManager: Shutting down and abandoning module ShaderFormatVectorVM (139)
[2017.10.25-12.09.17:263][422]LogModuleManager: Shutting down and abandoning module ShaderFormatOpenGL (137)
[2017.10.25-12.09.17:263][422]LogModuleManager: Shutting down and abandoning module ShaderFormatD3D (135)
[2017.10.25-12.09.17:263][422]LogModuleManager: Shutting down and abandoning module MetalShaderFormat (133)
[2017.10.25-12.09.17:263][422]LogModuleManager: Shutting down and abandoning module TextureFormatUncompressed (131)
[2017.10.25-12.09.17:263][422]LogModuleManager: Shutting down and abandoning module TextureFormatPVR (129)
[2017.10.25-12.09.17:263][422]LogModuleManager: Shutting down and abandoning module TextureFormatDXT (127)
[2017.10.25-12.09.17:263][422]LogModuleManager: Shutting down and abandoning module TextureFormatIntelISPCTexComp (125)
[2017.10.25-12.09.17:263][422]LogModuleManager: Shutting down and abandoning module TextureFormatASTC (123)
[2017.10.25-12.09.17:263][422]LogModuleManager: Shutting down and abandoning module ImageWrapper (122)
[2017.10.25-12.09.17:263][422]LogModuleManager: Shutting down and abandoning module TextureFormatAndroid (119)
[2017.10.25-12.09.17:263][422]LogModuleManager: Shutting down and abandoning module AudioFormatOpus (117)
[2017.10.25-12.09.17:263][422]LogModuleManager: Shutting down and abandoning module AudioFormatOgg (115)
[2017.10.25-12.09.17:263][422]LogModuleManager: Shutting down and abandoning module AudioFormatADPCM (113)
[2017.10.25-12.09.17:264][422]LogModuleManager: Shutting down and abandoning module LinuxTargetPlatform (111)
[2017.10.25-12.09.17:264][422]LogModuleManager: Shutting down and abandoning module LinuxServerTargetPlatform (109)
[2017.10.25-12.09.17:264][422]LogModuleManager: Shutting down and abandoning module LinuxNoEditorTargetPlatform (107)
[2017.10.25-12.09.17:264][422]LogModuleManager: Shutting down and abandoning module LinuxClientTargetPlatform (105)
[2017.10.25-12.09.17:264][422]LogModuleManager: Shutting down and abandoning module TVOSTargetPlatform (103)
[2017.10.25-12.09.17:264][422]LogModuleManager: Shutting down and abandoning module Messaging (101)
[2017.10.25-12.09.17:264][422]LogModuleManager: Shutting down and abandoning module IOSTargetPlatform (99)
[2017.10.25-12.09.17:264][422]LogModuleManager: Shutting down and abandoning module HTML5TargetPlatform (97)
[2017.10.25-12.09.17:264][422]LogModuleManager: Shutting down and abandoning module Android_PVRTCTargetPlatform (95)
[2017.10.25-12.09.17:264][422]LogModuleManager: Shutting down and abandoning module Android_MultiTargetPlatform (93)
[2017.10.25-12.09.17:264][422]LogModuleManager: Shutting down and abandoning module Android_ETC2TargetPlatform (91)
[2017.10.25-12.09.17:264][422]LogModuleManager: Shutting down and abandoning module Android_ETC1TargetPlatform (89)
[2017.10.25-12.09.17:264][422]LogModuleManager: Shutting down and abandoning module Android_DXTTargetPlatform (87)
[2017.10.25-12.09.17:264][422]LogModuleManager: Shutting down and abandoning module Android_ATCTargetPlatform (85)
[2017.10.25-12.09.17:264][422]LogModuleManager: Shutting down and abandoning module Android_ASTCTargetPlatform (83)
[2017.10.25-12.09.17:264][422]LogModuleManager: Shutting down and abandoning module AndroidTargetPlatform (81)
[2017.10.25-12.09.17:264][422]LogModuleManager: Shutting down and abandoning module WindowsTargetPlatform (79)
[2017.10.25-12.09.17:264][422]LogModuleManager: Shutting down and abandoning module WindowsServerTargetPlatform (77)
[2017.10.25-12.09.17:264][422]LogModuleManager: Shutting down and abandoning module WindowsNoEditorTargetPlatform (75)
[2017.10.25-12.09.17:264][422]LogModuleManager: Shutting down and abandoning module WindowsClientTargetPlatform (73)
[2017.10.25-12.09.17:264][422]LogModuleManager: Shutting down and abandoning module MacTargetPlatform (71)
[2017.10.25-12.09.17:264][422]LogModuleManager: Shutting down and abandoning module MacServerTargetPlatform (69)
[2017.10.25-12.09.17:264][422]LogModuleManager: Shutting down and abandoning module MacNoEditorTargetPlatform (67)
[2017.10.25-12.09.17:264][422]LogModuleManager: Shutting down and abandoning module MacClientTargetPlatform (65)
[2017.10.25-12.09.17:264][422]LogModuleManager: Shutting down and abandoning module AllDesktopTargetPlatform (63)
[2017.10.25-12.09.17:264][422]LogModuleManager: Shutting down and abandoning module InputCore (60)
[2017.10.25-12.09.17:264][422]LogModuleManager: Shutting down and abandoning module Settings (58)
[2017.10.25-12.09.17:265][422]LogModuleManager: Shutting down and abandoning module OculusRift (56)
[2017.10.25-12.09.17:265][422]LogModuleManager: Shutting down and abandoning module GearVRController (54)
[2017.10.25-12.09.17:265][422]LogModuleManager: Shutting down and abandoning module GearVR (52)
[2017.10.25-12.09.17:265][422]LogModuleManager: Shutting down and abandoning module ExampleDeviceProfileSelector (50)
[2017.10.25-12.09.17:265][422]LogModuleManager: Shutting down and abandoning module OnlineBlueprintSupport (48)
[2017.10.25-12.09.17:265][422]LogModuleManager: Shutting down and abandoning module OnlineSubsystem (44)
[2017.10.25-12.09.17:265][422]LogOnline:Display: Unloading online subsystem: NULL
[2017.10.25-12.09.17:265][422]LogModuleManager: Shutting down and abandoning module XMPP (43)
[2017.10.25-12.09.17:265][422]LogModuleManager: Shutting down and abandoning module HTTP (41)
[2017.10.25-12.09.17:265][422]LogHttp:Display: Http module shutting down, but needs to wait on 1 outstanding Http requests:
[2017.10.25-12.09.17:265][422]LogHttp:Display: 	verb=[POST] url=[https://datarouter.ol.epicgames.com/datarouter/api/v1/public/data?SessionID=%7B460D6529-4778-1502-255E-7E9E0721515D%7D&AppID=UEEditor.Rocket.Release&AppVersion=4.16.1-3466753%2B%2B%2BUE4%2BRelease-4.16&UserID=131fa3c0470fdde80f7d9692d942ae58%7C%7C77e2cc7e-d219-4e5f-af45-53d59c081475&AppEnvironment=datacollector-binary&UploadType=eteventstream] status=Processing
[2017.10.25-12.09.17:295][422]LogModuleManager: Shutting down and abandoning module SSL (40)
[2017.10.25-12.09.17:299][422]LogModuleManager: Shutting down and abandoning module HTTPChunkInstaller (36)
[2017.10.25-12.09.17:299][422]LogModuleManager: Shutting down and abandoning module AnimationModifiers (34)
[2017.10.25-12.09.17:299][422]LogModuleManager: Shutting down and abandoning module PropertyEditor (33)
[2017.10.25-12.09.17:299][422]LogModuleManager: Shutting down and abandoning module AudioEditor (30)
[2017.10.25-12.09.17:300][422]LogModuleManager: Shutting down and abandoning module TextureCompressor (28)
[2017.10.25-12.09.17:300][422]LogModuleManager: Shutting down and abandoning module ShaderCore (26)
[2017.10.25-12.09.17:300][422]LogModuleManager: Shutting down and abandoning module Landscape (24)
[2017.10.25-12.09.17:300][422]LogModuleManager: Shutting down and abandoning module SlateRHIRenderer (22)
[2017.10.25-12.09.17:302][422]LogModuleManager: Shutting down and abandoning module OpenGLDrv (20)
[2017.10.25-12.09.17:302][422]LogModuleManager: Shutting down and abandoning module D3D11RHI (18)
[2017.10.25-12.09.17:302][422]LogModuleManager: Shutting down and abandoning module AnimGraphRuntime (16)
[2017.10.25-12.09.17:302][422]LogModuleManager: Shutting down and abandoning module Renderer (14)
[2017.10.25-12.09.17:302][422]LogModuleManager: Shutting down and abandoning module Engine (12)
[2017.10.25-12.09.17:302][422]LogModuleManager: Shutting down and abandoning module CoreUObject (10)
[2017.10.25-12.09.17:302][422]LogModuleManager: Shutting down and abandoning module NetworkFile (8)
[2017.10.25-12.09.17:302][422]LogModuleManager: Shutting down and abandoning module StreamingFile (6)
[2017.10.25-12.09.17:302][422]LogModuleManager: Shutting down and abandoning module SandboxFile (4)
[2017.10.25-12.09.17:302][422]LogModuleManager: Shutting down and abandoning module PakFile (2)
[2017.10.25-12.09.17:305][422]LogExit: Exiting.
[2017.10.25-12.09.17:352][422]Log file closed, 10/25/17 19:09:17
